# JRE version: OpenJDK Runtime Environment (8.0_112) (build 1.8.0_112-release-736)
# Java VM: OpenJDK 64-Bit Server VM (25.112-b736 mixed mode windows-amd64 compressed oops)
Heap:
 PSYoungGen      total 310784K, used 151886K [0x00000000eab00000, 0x00000000ffd80000, 0x0000000100000000)
  eden space 278528K, 52% used [0x00000000eab00000,0x00000000f39ff930,0x00000000fbb00000)
  from space 32256K, 16% used [0x00000000fbb00000,0x00000000fc054010,0x00000000fda80000)
  to   space 31744K, 0% used [0x00000000fde80000,0x00000000fde80000,0x00000000ffd80000)
 ParOldGen       total 144384K, used 92979K [0x00000000c0000000, 0x00000000c8d00000, 0x00000000eab00000)
  object space 144384K, 64% used [0x00000000c0000000,0x00000000c5acce40,0x00000000c8d00000)
 Metaspace       used 79183K, capacity 84704K, committed 84952K, reserved 1122304K
  class space    used 10187K, capacity 11161K, committed 11264K, reserved 1048576K
GC Heap History (10 events):
Event: 4847.114 GC heap before
{Heap before GC invocations=27 (full 4):
 PSYoungGen      total 251392K, used 216020K [0x00000000eab00000, 0x0000000100000000, 0x0000000100000000)
  eden space 216576K, 99% used [0x00000000eab00000,0x00000000f7df50f8,0x00000000f7e80000)
  from space 34816K, 0% used [0x00000000fa280000,0x00000000fa280000,0x00000000fc480000)
  to   space 36864K, 0% used [0x00000000f7e80000,0x00000000f7e80000,0x00000000fa280000)
 ParOldGen       total 144384K, used 84277K [0x00000000c0000000, 0x00000000c8d00000, 0x00000000eab00000)
  object space 144384K, 58% used [0x00000000c0000000,0x00000000c524d640,0x00000000c8d00000)
 Metaspace       used 77245K, capacity 82126K, committed 83544K, reserved 1122304K
  class space    used 9892K, capacity 10804K, committed 11136K, reserved 1048576K
Event: 4847.123 GC heap after
Heap after GC invocations=27 (full 4):
 PSYoungGen      total 253440K, used 96K [0x00000000eab00000, 0x0000000100000000, 0x0000000100000000)
  eden space 216576K, 0% used [0x00000000eab00000,0x00000000eab00000,0x00000000f7e80000)
  from space 36864K, 0% used [0x00000000f7e80000,0x00000000f7e98000,0x00000000fa280000)
  to   space 37376K, 0% used [0x00000000fdb80000,0x00000000fdb80000,0x0000000100000000)
 ParOldGen       total 144384K, used 84277K [0x00000000c0000000, 0x00000000c8d00000, 0x00000000eab00000)
  object space 144384K, 58% used [0x00000000c0000000,0x00000000c524d640,0x00000000c8d00000)
 Metaspace       used 77245K, capacity 82126K, committed 83544K, reserved 1122304K
  class space    used 9892K, capacity 10804K, committed 11136K, reserved 1048576K
}
Event: 5669.545 GC heap before
{Heap before GC invocations=28 (full 4):
 PSYoungGen      total 253440K, used 216672K [0x00000000eab00000, 0x0000000100000000, 0x0000000100000000)
  eden space 216576K, 100% used [0x00000000eab00000,0x00000000f7e80000,0x00000000f7e80000)
  from space 36864K, 0% used [0x00000000f7e80000,0x00000000f7e98000,0x00000000fa280000)
  to   space 37376K, 0% used [0x00000000fdb80000,0x00000000fdb80000,0x0000000100000000)
 ParOldGen       total 144384K, used 84277K [0x00000000c0000000, 0x00000000c8d00000, 0x00000000eab00000)
  object space 144384K, 58% used [0x00000000c0000000,0x00000000c524d640,0x00000000c8d00000)
 Metaspace       used 77900K, capacity 82898K, committed 83544K, reserved 1122304K
  class space    used 10011K, capacity 10910K, committed 11136K, reserved 1048576K
Event: 5669.556 GC heap after
Heap after GC invocations=28 (full 4):
 PSYoungGen      total 310784K, used 5944K [0x00000000eab00000, 0x00000000ffe80000, 0x0000000100000000)
  eden space 274944K, 0% used [0x00000000eab00000,0x00000000eab00000,0x00000000fb780000)
  from space 35840K, 16% used [0x00000000fdb80000,0x00000000fe14e020,0x00000000ffe80000)
  to   space 36352K, 0% used [0x00000000fb780000,0x00000000fb780000,0x00000000fdb00000)
 ParOldGen       total 144384K, used 84309K [0x00000000c0000000, 0x00000000c8d00000, 0x00000000eab00000)
  object space 144384K, 58% used [0x00000000c0000000,0x00000000c5255640,0x00000000c8d00000)
 Metaspace       used 77900K, capacity 82898K, committed 83544K, reserved 1122304K
  class space    used 10011K, capacity 10910K, committed 11136K, reserved 1048576K
}
Event: 5673.153 GC heap before
{Heap before GC invocations=29 (full 4):
 PSYoungGen      total 310784K, used 280888K [0x00000000eab00000, 0x00000000ffe80000, 0x0000000100000000)
  eden space 274944K, 100% used [0x00000000eab00000,0x00000000fb780000,0x00000000fb780000)
  from space 35840K, 16% used [0x00000000fdb80000,0x00000000fe14e020,0x00000000ffe80000)
  to   space 36352K, 0% used [0x00000000fb780000,0x00000000fb780000,0x00000000fdb00000)
 ParOldGen       total 144384K, used 84309K [0x00000000c0000000, 0x00000000c8d00000, 0x00000000eab00000)
  object space 144384K, 58% used [0x00000000c0000000,0x00000000c5255640,0x00000000c8d00000)
 Metaspace       used 78201K, capacity 83422K, committed 83800K, reserved 1122304K
  class space    used 10053K, capacity 10986K, committed 11136K, reserved 1048576K
Event: 5673.171 GC heap after
Heap after GC invocations=29 (full 4):
 PSYoungGen      total 287232K, used 12240K [0x00000000eab00000, 0x00000000ffb80000, 0x0000000100000000)
  eden space 274944K, 0% used [0x00000000eab00000,0x00000000eab00000,0x00000000fb780000)
  from space 12288K, 99% used [0x00000000fb780000,0x00000000fc374010,0x00000000fc380000)
  to   space 33792K, 0% used [0x00000000fda80000,0x00000000fda80000,0x00000000ffb80000)
 ParOldGen       total 144384K, used 87011K [0x00000000c0000000, 0x00000000c8d00000, 0x00000000eab00000)
  object space 144384K, 60% used [0x00000000c0000000,0x00000000c54f8fb8,0x00000000c8d00000)
 Metaspace       used 78201K, capacity 83422K, committed 83800K, reserved 1122304K
  class space    used 10053K, capacity 10986K, committed 11136K, reserved 1048576K
}
Event: 5683.853 GC heap before
{Heap before GC invocations=30 (full 4):
 PSYoungGen      total 287232K, used 287184K [0x00000000eab00000, 0x00000000ffb80000, 0x0000000100000000)
  eden space 274944K, 100% used [0x00000000eab00000,0x00000000fb780000,0x00000000fb780000)
  from space 12288K, 99% used [0x00000000fb780000,0x00000000fc374010,0x00000000fc380000)
  to   space 33792K, 0% used [0x00000000fda80000,0x00000000fda80000,0x00000000ffb80000)
 ParOldGen       total 144384K, used 87011K [0x00000000c0000000, 0x00000000c8d00000, 0x00000000eab00000)
  object space 144384K, 60% used [0x00000000c0000000,0x00000000c54f8fb8,0x00000000c8d00000)
 Metaspace       used 78466K, capacity 83738K, committed 84056K, reserved 1122304K
  class space    used 10069K, capacity 11008K, committed 11136K, reserved 1048576K
Event: 5683.904 GC heap after
Heap after GC invocations=30 (full 4):
 PSYoungGen      total 312320K, used 9443K [0x00000000eab00000, 0x0000000100000000, 0x0000000100000000)
  eden space 278528K, 0% used [0x00000000eab00000,0x00000000eab00000,0x00000000fbb00000)
  from space 33792K, 27% used [0x00000000fda80000,0x00000000fe3b8dc8,0x00000000ffb80000)
  to   space 32256K, 0% used [0x00000000fbb00000,0x00000000fbb00000,0x00000000fda80000)
 ParOldGen       total 144384K, used 92187K [0x00000000c0000000, 0x00000000c8d00000, 0x00000000eab00000)
  object space 144384K, 63% used [0x00000000c0000000,0x00000000c5a06ff8,0x00000000c8d00000)
 Metaspace       used 78466K, capacity 83738K, committed 84056K, reserved 1122304K
  class space    used 10069K, capacity 11008K, committed 11136K, reserved 1048576K
}
Event: 6209.352 GC heap before
{Heap before GC invocations=31 (full 4):
 PSYoungGen      total 312320K, used 287971K [0x00000000eab00000, 0x0000000100000000, 0x0000000100000000)
  eden space 278528K, 100% used [0x00000000eab00000,0x00000000fbb00000,0x00000000fbb00000)
  from space 33792K, 27% used [0x00000000fda80000,0x00000000fe3b8dc8,0x00000000ffb80000)
  to   space 32256K, 0% used [0x00000000fbb00000,0x00000000fbb00000,0x00000000fda80000)
 ParOldGen       total 144384K, used 92187K [0x00000000c0000000, 0x00000000c8d00000, 0x00000000eab00000)
  object space 144384K, 63% used [0x00000000c0000000,0x00000000c5a06ff8,0x00000000c8d00000)
 Metaspace       used 78744K, capacity 84188K, committed 84312K, reserved 1122304K
  class space    used 10107K, capacity 11075K, committed 11136K, reserved 1048576K
Event: 6209.366 GC heap after
Heap after GC invocations=31 (full 4):
 PSYoungGen      total 310784K, used 5456K [0x00000000eab00000, 0x00000000ffd80000, 0x0000000100000000)
  eden space 278528K, 0% used [0x00000000eab00000,0x00000000eab00000,0x00000000fbb00000)
  from space 32256K, 16% used [0x00000000fbb00000,0x00000000fc054010,0x00000000fda80000)
  to   space 31744K, 0% used [0x00000000fde80000,0x00000000fde80000,0x00000000ffd80000)
 ParOldGen       total 144384K, used 92979K [0x00000000c0000000, 0x00000000c8d00000, 0x00000000eab00000)
  object space 144384K, 64% used [0x00000000c0000000,0x00000000c5acce40,0x00000000c8d00000)
 Metaspace       used 78744K, capacity 84188K, committed 84312K, reserved 1122304K
  class space    used 10107K, capacity 11075K, committed 11136K, reserved 1048576K
}

