# JRE version: OpenJDK Runtime Environment (8.0_112) (build 1.8.0_112-release-736)
# Java VM: OpenJDK 64-Bit Server VM (25.112-b736 mixed mode windows-amd64 compressed oops)
Heap:
 PSYoungGen      total 73728K, used 22078K [0x00000000eab00000, 0x00000000f0000000, 0x0000000100000000)
  eden space 64512K, 28% used [0x00000000eab00000,0x00000000ebcffd50,0x00000000eea00000)
  from space 9216K, 39% used [0x00000000ef700000,0x00000000efa8fe50,0x00000000f0000000)
  to   space 11264K, 0% used [0x00000000eea00000,0x00000000eea00000,0x00000000ef500000)
 ParOldGen       total 49152K, used 8013K [0x00000000c0000000, 0x00000000c3000000, 0x00000000eab00000)
  object space 49152K, 16% used [0x00000000c0000000,0x00000000c07d3500,0x00000000c3000000)
 Metaspace       used 25456K, capacity 25858K, committed 25984K, reserved 1071104K
  class space    used 3433K, capacity 3621K, committed 3712K, reserved 1048576K
GC Heap History (10 events):
Event: 4.254 GC heap before
{Heap before GC invocations=3 (full 0):
 PSYoungGen      total 38400K, used 38383K [0x00000000eab00000, 0x00000000ed580000, 0x0000000100000000)
  eden space 33280K, 100% used [0x00000000eab00000,0x00000000ecb80000,0x00000000ecb80000)
  from space 5120K, 99% used [0x00000000ed080000,0x00000000ed57be18,0x00000000ed580000)
  to   space 5120K, 0% used [0x00000000ecb80000,0x00000000ecb80000,0x00000000ed080000)
 ParOldGen       total 87552K, used 743K [0x00000000c0000000, 0x00000000c5580000, 0x00000000eab00000)
  object space 87552K, 0% used [0x00000000c0000000,0x00000000c00b9f58,0x00000000c5580000)
 Metaspace       used 15462K, capacity 15782K, committed 15872K, reserved 1062912K
  class space    used 2172K, capacity 2285K, committed 2304K, reserved 1048576K
Event: 4.266 GC heap after
Heap after GC invocations=3 (full 0):
 PSYoungGen      total 38400K, used 5110K [0x00000000eab00000, 0x00000000ed580000, 0x0000000100000000)
  eden space 33280K, 0% used [0x00000000eab00000,0x00000000eab00000,0x00000000ecb80000)
  from space 5120K, 99% used [0x00000000ecb80000,0x00000000ed07da00,0x00000000ed080000)
  to   space 5120K, 0% used [0x00000000ed080000,0x00000000ed080000,0x00000000ed580000)
 ParOldGen       total 87552K, used 3337K [0x00000000c0000000, 0x00000000c5580000, 0x00000000eab00000)
  object space 87552K, 3% used [0x00000000c0000000,0x00000000c0342650,0x00000000c5580000)
 Metaspace       used 15462K, capacity 15782K, committed 15872K, reserved 1062912K
  class space    used 2172K, capacity 2285K, committed 2304K, reserved 1048576K
}
Event: 5.833 GC heap before
{Heap before GC invocations=4 (full 0):
 PSYoungGen      total 38400K, used 38358K [0x00000000eab00000, 0x00000000ed580000, 0x0000000100000000)
  eden space 33280K, 99% used [0x00000000eab00000,0x00000000ecb77e70,0x00000000ecb80000)
  from space 5120K, 99% used [0x00000000ecb80000,0x00000000ed07da00,0x00000000ed080000)
  to   space 5120K, 0% used [0x00000000ed080000,0x00000000ed080000,0x00000000ed580000)
 ParOldGen       total 87552K, used 3337K [0x00000000c0000000, 0x00000000c5580000, 0x00000000eab00000)
  object space 87552K, 3% used [0x00000000c0000000,0x00000000c0342650,0x00000000c5580000)
 Metaspace       used 20807K, capacity 21120K, committed 21248K, reserved 1067008K
  class space    used 2852K, capacity 3010K, committed 3072K, reserved 1048576K
Event: 5.848 GC heap after
Heap after GC invocations=4 (full 0):
 PSYoungGen      total 38400K, used 5088K [0x00000000eab00000, 0x00000000ed580000, 0x0000000100000000)
  eden space 33280K, 0% used [0x00000000eab00000,0x00000000eab00000,0x00000000ecb80000)
  from space 5120K, 99% used [0x00000000ed080000,0x00000000ed578030,0x00000000ed580000)
  to   space 5120K, 0% used [0x00000000ecb80000,0x00000000ecb80000,0x00000000ed080000)
 ParOldGen       total 87552K, used 8477K [0x00000000c0000000, 0x00000000c5580000, 0x00000000eab00000)
  object space 87552K, 9% used [0x00000000c0000000,0x00000000c08475c8,0x00000000c5580000)
 Metaspace       used 20807K, capacity 21120K, committed 21248K, reserved 1067008K
  class space    used 2852K, capacity 3010K, committed 3072K, reserved 1048576K
}
Event: 5.857 GC heap before
{Heap before GC invocations=5 (full 0):
 PSYoungGen      total 38400K, used 7790K [0x00000000eab00000, 0x00000000ed580000, 0x0000000100000000)
  eden space 33280K, 8% used [0x00000000eab00000,0x00000000eada3858,0x00000000ecb80000)
  from space 5120K, 99% used [0x00000000ed080000,0x00000000ed578030,0x00000000ed580000)
  to   space 5120K, 0% used [0x00000000ecb80000,0x00000000ecb80000,0x00000000ed080000)
 ParOldGen       total 87552K, used 8477K [0x00000000c0000000, 0x00000000c5580000, 0x00000000eab00000)
  object space 87552K, 9% used [0x00000000c0000000,0x00000000c08475c8,0x00000000c5580000)
 Metaspace       used 20881K, capacity 21184K, committed 21248K, reserved 1067008K
  class space    used 2852K, capacity 3010K, committed 3072K, reserved 1048576K
Event: 5.870 GC heap after
Heap after GC invocations=5 (full 0):
 PSYoungGen      total 38400K, used 5088K [0x00000000eab00000, 0x00000000f0200000, 0x0000000100000000)
  eden space 33280K, 0% used [0x00000000eab00000,0x00000000eab00000,0x00000000ecb80000)
  from space 5120K, 99% used [0x00000000ecb80000,0x00000000ed078030,0x00000000ed080000)
  to   space 11264K, 0% used [0x00000000ef700000,0x00000000ef700000,0x00000000f0200000)
 ParOldGen       total 87552K, used 9545K [0x00000000c0000000, 0x00000000c5580000, 0x00000000eab00000)
  object space 87552K, 10% used [0x00000000c0000000,0x00000000c0952588,0x00000000c5580000)
 Metaspace       used 20881K, capacity 21184K, committed 21248K, reserved 1067008K
  class space    used 2852K, capacity 3010K, committed 3072K, reserved 1048576K
}
Event: 5.870 GC heap before
{Heap before GC invocations=6 (full 1):
 PSYoungGen      total 38400K, used 5088K [0x00000000eab00000, 0x00000000f0200000, 0x0000000100000000)
  eden space 33280K, 0% used [0x00000000eab00000,0x00000000eab00000,0x00000000ecb80000)
  from space 5120K, 99% used [0x00000000ecb80000,0x00000000ed078030,0x00000000ed080000)
  to   space 11264K, 0% used [0x00000000ef700000,0x00000000ef700000,0x00000000f0200000)
 ParOldGen       total 87552K, used 9545K [0x00000000c0000000, 0x00000000c5580000, 0x00000000eab00000)
  object space 87552K, 10% used [0x00000000c0000000,0x00000000c0952588,0x00000000c5580000)
 Metaspace       used 20881K, capacity 21184K, committed 21248K, reserved 1067008K
  class space    used 2852K, capacity 3010K, committed 3072K, reserved 1048576K
Event: 5.920 GC heap after
Heap after GC invocations=6 (full 1):
 PSYoungGen      total 38400K, used 0K [0x00000000eab00000, 0x00000000f0200000, 0x0000000100000000)
  eden space 33280K, 0% used [0x00000000eab00000,0x00000000eab00000,0x00000000ecb80000)
  from space 5120K, 0% used [0x00000000ecb80000,0x00000000ecb80000,0x00000000ed080000)
  to   space 11264K, 0% used [0x00000000ef700000,0x00000000ef700000,0x00000000f0200000)
 ParOldGen       total 49152K, used 8013K [0x00000000c0000000, 0x00000000c3000000, 0x00000000eab00000)
  object space 49152K, 16% used [0x00000000c0000000,0x00000000c07d3500,0x00000000c3000000)
 Metaspace       used 20881K, capacity 21184K, committed 21248K, reserved 1067008K
  class space    used 2852K, capacity 3010K, committed 3072K, reserved 1048576K
}
Event: 6.881 GC heap before
{Heap before GC invocations=7 (full 1):
 PSYoungGen      total 38400K, used 33280K [0x00000000eab00000, 0x00000000f0200000, 0x0000000100000000)
  eden space 33280K, 100% used [0x00000000eab00000,0x00000000ecb80000,0x00000000ecb80000)
  from space 5120K, 0% used [0x00000000ecb80000,0x00000000ecb80000,0x00000000ed080000)
  to   space 11264K, 0% used [0x00000000ef700000,0x00000000ef700000,0x00000000f0200000)
 ParOldGen       total 49152K, used 8013K [0x00000000c0000000, 0x00000000c3000000, 0x00000000eab00000)
  object space 49152K, 16% used [0x00000000c0000000,0x00000000c07d3500,0x00000000c3000000)
 Metaspace       used 23809K, capacity 24192K, committed 24448K, reserved 1071104K
  class space    used 3257K, capacity 3408K, committed 3456K, reserved 1048576K
Event: 6.884 GC heap after
Heap after GC invocations=7 (full 1):
 PSYoungGen      total 73728K, used 3647K [0x00000000eab00000, 0x00000000f0000000, 0x0000000100000000)
  eden space 64512K, 0% used [0x00000000eab00000,0x00000000eab00000,0x00000000eea00000)
  from space 9216K, 39% used [0x00000000ef700000,0x00000000efa8fe50,0x00000000f0000000)
  to   space 11264K, 0% used [0x00000000eea00000,0x00000000eea00000,0x00000000ef500000)
 ParOldGen       total 49152K, used 8013K [0x00000000c0000000, 0x00000000c3000000, 0x00000000eab00000)
  object space 49152K, 16% used [0x00000000c0000000,0x00000000c07d3500,0x00000000c3000000)
 Metaspace       used 23809K, capacity 24192K, committed 24448K, reserved 1071104K
  class space    used 3257K, capacity 3408K, committed 3456K, reserved 1048576K
}

